<?xml version="1.0" encoding="UTF-8"?>
<testng-results total="1" passed="1" failed="0" skipped="0">
  <reporter-output>
  </reporter-output>
  <suite started-at="2024-01-05T14:10:43Z" name="Default suite" finished-at="2024-01-05T14:11:00Z" duration-ms="16448">
    <groups>
    </groups>
    <test started-at="2024-01-05T14:10:43Z" name="Default test" finished-at="2024-01-05T14:11:00Z" duration-ms="16448">
      <class name="com.orange.runner.runner">
        <test-method is-config="true" signature="openapp()" started-at="2024-01-05T14:10:43Z" name="openapp" finished-at="2024-01-05T14:10:49Z" duration-ms="5918" status="PASS">
        </test-method>
        <test-method signature="run()" started-at="2024-01-05T14:10:49Z" name="run" finished-at="2024-01-05T14:10:59Z" duration-ms="10199" status="PASS">
        </test-method>
        <test-method is-config="true" signature="closeapp()" started-at="2024-01-05T14:10:59Z" name="closeapp" finished-at="2024-01-05T14:11:00Z" duration-ms="302" status="PASS">
        </test-method>
      </class>
    </test>
  </suite>
</testng-results>
